Build started 11/17/2013 11:48:06 AM.
     1>Project "E:\Documents\Code\repos\dsa555\A2\A2\A2.vcxproj" on node 2 (Build target(s)).
     1>ClCompile:
         C:\Program Files (x86)\Microsoft Visual Studio 11.0\VC\bin\CL.exe /c /ZI /nologo /W3 /WX- /sdl /Od /Oy- /D _MBCS /Gm /EHsc /RTC1 /MDd /GS /fp:precise /Zc:wchar_t /Zc:forScope /Fo"Debug\\" /Fd"Debug\vc110.pdb" /Gd /TP /analyze- /errorReport:prompt a2tester.cpp
         a2tester.cpp
     1>e:\documents\code\repos\dsa555\a2\a2\table.h(92): error C2440: 'initializing' : cannot convert from 'Simple<Key_t,Val_t>::Item *' to 'Simple<Key_t,Val_t>::Item'
                 with
                 [
                     Key_t=std::string,
                     Val_t=int
                 ]
                 No constructor could take the source type, or constructor overload resolution was ambiguous
                 e:\documents\code\repos\dsa555\a2\a2\table.h(84) : while compiling class template member function 'bool Simple<Key_t,Val_t>::insert(const Key_t &,const Val_t &)'
                 with
                 [
                     Key_t=std::string,
                     Val_t=int
                 ]
                 e:\documents\code\repos\dsa555\a2\a2\a2tester.cpp(218) : see reference to class template instantiation 'Simple<Key_t,Val_t>' being compiled
                 with
                 [
                     Key_t=std::string,
                     Val_t=int
                 ]
     1>Done Building Project "E:\Documents\Code\repos\dsa555\A2\A2\A2.vcxproj" (Build target(s)) -- FAILED.

Build FAILED.

Time Elapsed 00:00:00.57
